<?xml version="1.0" encoding="UTF-8"?>
<!-- Generated by org.testng.reporters.JUnitReportReporter -->
<testsuite hostname="DESKTOP-AIPA232" failures="0" tests="2" name="com.example.demo.TestingAnnotationsForTestNG" time="0.005" errors="0" timestamp="23 Sep 2021 03:10:27 GMT">
  <testcase classname="com.example.demo.TestingAnnotationsForTestNG" name="test02" time="0.001"/>
  <testcase classname="com.example.demo.TestingAnnotationsForTestNG" name="test01" time="0.004"/>
</testsuite> <!-- com.example.demo.TestingAnnotationsForTestNG -->
