<?xml version="1.0" encoding="UTF-8"?>
<!-- Generated by org.testng.reporters.JUnitReportReporter -->
<testsuite hostname="DESKTOP-AIPA232" failures="0" tests="1" name="com.example.demo.TestNGSimpleTest" time="0.008" errors="0" timestamp="23 Sep 2021 02:53:36 GMT">
  <testcase classname="com.example.demo.TestNGSimpleTest" name="testAdd" time="0.008"/>
</testsuite> <!-- com.example.demo.TestNGSimpleTest -->
